<?xml version="1.0" encoding="utf-8"?><testsuites name="pytest tests"><testsuite name="pytest" errors="0" failures="0" skipped="0" tests="360" time="0.896" timestamp="2026-03-17T10:27:23.353009-05:00" hostname="andoing-mbp"><testcase classname="tests.unit.core.test_auth_ezauth" name="test_parse_ms_client_principal_decodes_base64_json" time="0.000" /><testcase classname="tests.unit.core.test_auth_ezauth" name="test_parse_ms_client_principal_handles_missing_header" time="0.000" /><testcase classname="tests.unit.core.test_auth_ezauth" name="test_build_principal_from_claims_populates_core_fields" time="0.000" /><testcase classname="tests.unit.core.test_auth_ezauth" name="test_is_identity_allowed_by_object_id" time="0.000" /><testcase classname="tests.unit.core.test_auth_ezauth" name="test_is_identity_allowed_by_email_domain" time="0.000" /><testcase classname="tests.unit.core.test_auth_ezauth" name="test_is_identity_allowed_denies_when_not_matched" time="0.000" /><testcase classname="tests.unit.core.test_auth_ezauth" name="test_require_user_raises_401_when_missing" time="0.007" /><testcase classname="tests.unit.core.test_auth_ezauth" name="test_require_user_raises_403_when_disallowed" time="0.001" /><testcase classname="tests.unit.plugins.test_plugin_dataset.TestDatasetPlugin" name="test_tag_key_is_dynamic_placeholder" time="0.000" /><testcase classname="tests.unit.plugins.test_plugin_dataset.TestDatasetPlugin" name="test_compute_returns_dataset_prefixed_tag[simple-dataset:simple]" time="0.000" /><testcase classname="tests.unit.plugins.test_plugin_dataset.TestDatasetPlugin" name="test_compute_returns_dataset_prefixed_tag[with-dashes-dataset:with-dashes]" time="0.000" /><testcase classname="tests.unit.plugins.test_plugin_dataset.TestDatasetPlugin" name="test_compute_returns_dataset_prefixed_tag[with_underscores-dataset:with_underscores]" time="0.000" /><testcase classname="tests.unit.plugins.test_plugin_dataset.TestDatasetPlugin" name="test_compute_returns_dataset_prefixed_tag[CamelCase-dataset:CamelCase]" time="0.000" /><testcase classname="tests.unit.plugins.test_plugin_dataset.TestDatasetPlugin" name="test_compute_returns_dataset_prefixed_tag[version.1.0-dataset:version.1.0]" time="0.000" /><testcase classname="tests.unit.plugins.test_plugin_dataset.TestDatasetPlugin" name="test_compute_returns_dataset_prefixed_tag[support-tickets-dataset:support-tickets]" time="0.000" /><testcase classname="tests.unit.plugins.test_plugin_no_answer.TestNoAnswerPlugin" name="test_no_answer_exact_match" time="0.000" /><testcase classname="tests.unit.plugins.test_plugin_no_answer.TestNoAnswerPlugin" name="test_no_answer_with_whitespace" time="0.000" /><testcase classname="tests.unit.plugins.test_plugin_no_answer.TestNoAnswerPlugin" name="test_no_answer_with_newlines" time="0.000" /><testcase classname="tests.unit.plugins.test_plugin_no_answer.TestNoAnswerPlugin" name="test_regular_answer_returns_none" time="0.000" /><testcase classname="tests.unit.plugins.test_plugin_no_answer.TestNoAnswerPlugin" name="test_none_answer_returns_none" time="0.000" /><testcase classname="tests.unit.plugins.test_plugin_no_answer.TestNoAnswerPlugin" name="test_empty_answer_returns_none" time="0.000" /><testcase classname="tests.unit.plugins.test_plugin_question_length.TestQuestionLengthPlugins" name="test_mutually_exclusive_classification[0-question_length:short-None-None]" time="0.000" /><testcase classname="tests.unit.plugins.test_plugin_question_length.TestQuestionLengthPlugins" name="test_mutually_exclusive_classification[10-question_length:short-None-None]" time="0.000" /><testcase classname="tests.unit.plugins.test_plugin_question_length.TestQuestionLengthPlugins" name="test_mutually_exclusive_classification[11-None-question_length:medium-None]" time="0.000" /><testcase classname="tests.unit.plugins.test_plugin_question_length.TestQuestionLengthPlugins" name="test_mutually_exclusive_classification[30-None-question_length:medium-None]" time="0.000" /><testcase classname="tests.unit.plugins.test_plugin_question_length.TestQuestionLengthPlugins" name="test_mutually_exclusive_classification[31-None-None-question_length:long]" time="0.000" /><testcase classname="tests.unit.plugins.test_plugin_question_length.TestQuestionLengthPlugins" name="test_mutually_exclusive_classification[50-None-None-question_length:long]" time="0.000" /><testcase classname="tests.unit.plugins.test_plugin_question_length.TestQuestionLengthPlugins" name="test_edited_question_takes_precedence" time="0.000" /><testcase classname="tests.unit.plugins.test_plugin_reference_type.TestUrlPatternDetection" name="test_article_url_detection[https://docs.example.com/support/article/CS431120-True]" time="0.000" /><testcase classname="tests.unit.plugins.test_plugin_reference_type.TestUrlPatternDetection" name="test_article_url_detection[https://docs.example.com/en/support/article/cs999999-True]" time="0.000" /><testcase classname="tests.unit.plugins.test_plugin_reference_type.TestUrlPatternDetection" name="test_article_url_detection[https://docs.example.com/support/page-False]" time="0.000" /><testcase classname="tests.unit.plugins.test_plugin_reference_type.TestUrlPatternDetection" name="test_article_url_detection[https://support.example.com/help/product/page.html-False]" time="0.000" /><testcase classname="tests.unit.plugins.test_plugin_reference_type.TestUrlPatternDetection" name="test_helpcenter_url_detection[https://support.example.com/help/product/page.html-True]" time="0.000" /><testcase classname="tests.unit.plugins.test_plugin_reference_type.TestUrlPatternDetection" name="test_helpcenter_url_detection[https://SUPPORT.EXAMPLE.COM/help/page.html-True]" time="0.000" /><testcase classname="tests.unit.plugins.test_plugin_reference_type.TestUrlPatternDetection" name="test_helpcenter_url_detection[https://docs.example.com/support/article/CS431120-False]" time="0.000" /><testcase classname="tests.unit.plugins.test_plugin_reference_type.TestUrlPatternDetection" name="test_helpcenter_url_detection[https://example.com/other-False]" time="0.000" /><testcase classname="tests.unit.plugins.test_plugin_reference_type.TestReferenceTypePlugins" name="test_no_refs_gets_no_tags" time="0.000" /><testcase classname="tests.unit.plugins.test_plugin_reference_type.TestReferenceTypePlugins" name="test_item_can_have_both_tags" time="0.001" /><testcase classname="tests.unit.plugins.test_plugin_reference_type.TestReferenceTypePlugins" name="test_type_field_is_ignored" time="0.000" /><testcase classname="tests.unit.plugins.test_plugin_retrieval_behavior.TestRetrievalBehaviorPlugins" name="test_mutually_exclusive_classification[0-retrieval_behavior:no_refs]" time="0.000" /><testcase classname="tests.unit.plugins.test_plugin_retrieval_behavior.TestRetrievalBehaviorPlugins" name="test_mutually_exclusive_classification[1-retrieval_behavior:single]" time="0.000" /><testcase classname="tests.unit.plugins.test_plugin_retrieval_behavior.TestRetrievalBehaviorPlugins" name="test_mutually_exclusive_classification[2-retrieval_behavior:two_refs]" time="0.000" /><testcase classname="tests.unit.plugins.test_plugin_retrieval_behavior.TestRetrievalBehaviorPlugins" name="test_mutually_exclusive_classification[3-retrieval_behavior:rich]" time="0.000" /><testcase classname="tests.unit.plugins.test_plugin_retrieval_behavior.TestRetrievalBehaviorPlugins" name="test_mutually_exclusive_classification[5-retrieval_behavior:rich]" time="0.000" /><testcase classname="tests.unit.plugins.test_plugin_retrieval_behavior.TestRetrievalBehaviorPlugins" name="test_mutually_exclusive_classification[10-retrieval_behavior:rich]" time="0.000" /><testcase classname="tests.unit.plugins.test_plugin_retrieval_behavior.TestRetrievalBehaviorPlugins" name="test_refs_in_history_are_counted" time="0.000" /><testcase classname="tests.unit.plugins.test_plugin_turns.TestTurnsPlugins" name="test_mutually_exclusive_classification[0-turns:singleturn-None]" time="0.000" /><testcase classname="tests.unit.plugins.test_plugin_turns.TestTurnsPlugins" name="test_mutually_exclusive_classification[1-turns:singleturn-None]" time="0.000" /><testcase classname="tests.unit.plugins.test_plugin_turns.TestTurnsPlugins" name="test_mutually_exclusive_classification[2-turns:singleturn-None]" time="0.000" /><testcase classname="tests.unit.plugins.test_plugin_turns.TestTurnsPlugins" name="test_mutually_exclusive_classification[3-None-turns:multiturn]" time="0.000" /><testcase classname="tests.unit.plugins.test_plugin_turns.TestTurnsPlugins" name="test_mutually_exclusive_classification[5-None-turns:multiturn]" time="0.000" /><testcase classname="tests.unit.test_assignments_skip_persist" name="test_status_skipped_keeps_assignment" time="0.113" /><testcase classname="tests.unit.test_bulk_import_tag_validation" name="test_bulk_import_validates_tags" time="0.002" /><testcase classname="tests.unit.test_bulk_import_tag_validation" name="test_bulk_import_rejects_invalid_tags" time="0.002" /><testcase classname="tests.unit.test_bulk_import_tag_validation" name="test_bulk_import_mixed_valid_invalid_tags" time="0.002" /><testcase classname="tests.unit.test_bulk_import_tag_validation" name="test_bulk_import_no_tags" time="0.002" /><testcase classname="tests.unit.test_bulk_import_tag_validation" name="test_bulk_import_tag_validation_single_registry_fetch" time="0.002" /><testcase classname="tests.unit.test_computed_tags_plugins.TestTagPluginRegistry" name="test_empty_registry_returns_empty_tags" time="0.000" /><testcase classname="tests.unit.test_computed_tags_plugins.TestTagPluginRegistry" name="test_duplicate_tag_key_raises_error" time="0.000" /><testcase classname="tests.unit.test_computed_tags_plugins.TestTagPluginRegistry" name="test_default_registry_is_singleton" time="0.000" /><testcase classname="tests.unit.test_computed_tags_plugins.TestTagPluginRegistry" name="test_reset_clears_singleton" time="0.001" /><testcase classname="tests.unit.test_computed_tags_plugins.TestDynamicTagPrefixes" name="test_get_dynamic_prefixes_with_dynamic_plugin" time="0.000" /><testcase classname="tests.unit.test_computed_tags_plugins.TestDynamicTagPrefixes" name="test_get_dynamic_prefixes_excludes_static_plugins" time="0.000" /><testcase classname="tests.unit.test_computed_tags_plugins.TestDynamicTagPrefixes" name="test_is_computed_tag_static_match" time="0.000" /><testcase classname="tests.unit.test_computed_tags_plugins.TestDynamicTagPrefixes" name="test_is_computed_tag_dynamic_prefix_match" time="0.000" /><testcase classname="tests.unit.test_computed_tags_plugins.TestDynamicTagPrefixes" name="test_filter_manual_tags_removes_static_computed_tags" time="0.000" /><testcase classname="tests.unit.test_computed_tags_plugins.TestDynamicTagPrefixes" name="test_filter_manual_tags_removes_all_dynamic_values" time="0.000" /><testcase classname="tests.unit.test_computed_tags_plugins.TestGroundTruthItemTagMerge" name="test_computed_and_manual_tags_merge" time="0.000" /><testcase classname="tests.unit.test_cosmos_repo" name="test_build_query_filter_no_filters" time="0.000" /><testcase classname="tests.unit.test_cosmos_repo" name="test_build_query_filter_with_status" time="0.000" /><testcase classname="tests.unit.test_cosmos_repo" name="test_build_query_filter_with_dataset" time="0.000" /><testcase classname="tests.unit.test_cosmos_repo" name="test_build_query_filter_with_tags_and_logic" time="0.000" /><testcase classname="tests.unit.test_cosmos_repo" name="test_build_query_filter_all_filters_combined" time="0.000" /><testcase classname="tests.unit.test_cosmos_repo" name="test_build_query_filter_ignore_tags_when_disabled" time="0.000" /><testcase classname="tests.unit.test_cosmos_repo" name="test_build_query_filter_with_exclude_tags" time="0.000" /><testcase classname="tests.unit.test_cosmos_repo" name="test_build_query_filter_with_include_and_exclude_tags" time="0.000" /><testcase classname="tests.unit.test_cosmos_repo" name="test_resolve_sort_defaults" time="0.000" /><testcase classname="tests.unit.test_cosmos_repo" name="test_resolve_sort_with_overrides" time="0.000" /><testcase classname="tests.unit.test_cosmos_repo" name="test_sort_key_has_answer" time="0.000" /><testcase classname="tests.unit.test_cosmos_repo" name="test_select_clause_includes_generic_phase_one_fields" time="0.000" /><testcase classname="tests.unit.test_cosmos_repo.TestComputeTotalReferences" name="test_history_refs_take_priority_over_item_refs" time="0.000" /><testcase classname="tests.unit.test_cosmos_repo.TestComputeTotalReferences" name="test_history_refs_from_multiple_turns" time="0.000" /><testcase classname="tests.unit.test_cosmos_repo.TestComputeTotalReferences" name="test_item_refs_fallback_when_no_history" time="0.000" /><testcase classname="tests.unit.test_cosmos_repo.TestComputeTotalReferences" name="test_item_refs_fallback_when_history_empty" time="0.000" /><testcase classname="tests.unit.test_cosmos_repo.TestComputeTotalReferences" name="test_item_refs_fallback_when_history_has_no_refs" time="0.000" /><testcase classname="tests.unit.test_cosmos_repo.TestComputeTotalReferences" name="test_item_refs_fallback_when_history_refs_are_empty_lists" time="0.000" /><testcase classname="tests.unit.test_cosmos_repo.TestComputeTotalReferences" name="test_zero_when_no_refs_anywhere" time="0.000" /><testcase classname="tests.unit.test_cosmos_repo.TestComputeTotalReferences" name="test_zero_when_empty_refs_and_no_history" time="0.000" /><testcase classname="tests.unit.test_cosmos_repo.TestComputeTotalReferences" name="test_zero_when_empty_refs_and_empty_history" time="0.000" /><testcase classname="tests.unit.test_cosmos_repo.TestComputeTotalReferences" name="test_handles_none_refs_in_history_turn" time="0.000" /><testcase classname="tests.unit.test_cosmos_repo.TestComputeTotalReferences" name="test_mixed_history_some_turns_with_refs_some_without" time="0.000" /><testcase classname="tests.unit.test_cosmos_repo.TestComputeTotalReferences" name="test_user_turns_with_refs_are_counted" time="0.000" /><testcase classname="tests.unit.test_cosmos_repo.TestComputeTotalReferences" name="test_many_refs_in_single_turn" time="0.000" /><testcase classname="tests.unit.test_cosmos_repo.TestComputeTotalReferences" name="test_item_only_no_history_field_at_all" time="0.000" /><testcase classname="tests.unit.test_cosmos_repo.TestComputeTotalReferences" name="test_complex_real_world_scenario" time="0.000" /><testcase classname="tests.unit.test_cosmos_repo" name="test_list_all_gt_query_includes_doctype_filter" time="0.000" /><testcase classname="tests.unit.test_cosmos_repo" name="test_list_all_gt_query_with_status_filter" time="0.000" /><testcase classname="tests.unit.test_cosmos_repo" name="test_list_all_gt_directly_emits_doctype_filter" time="0.001" /><testcase classname="tests.unit.test_cosmos_repo" name="test_list_all_gt_directly_emits_doctype_and_status_filter" time="0.001" /><testcase classname="tests.unit.test_curation_models" name="test_curation_model_aliases_and_etag_serialization" time="0.000" /><testcase classname="tests.unit.test_demo_mode_memory_api" name="test_demo_mode_seeds_memory_backend_for_api_usage" time="0.025" /><testcase classname="tests.unit.test_duplicate_detection" name="test_normalize_text_basic" time="0.000" /><testcase classname="tests.unit.test_duplicate_detection" name="test_normalize_text_none_and_empty" time="0.000" /><testcase classname="tests.unit.test_duplicate_detection" name="test_get_question_text_edited_preferred" time="0.000" /><testcase classname="tests.unit.test_duplicate_detection" name="test_get_question_text_synth_fallback" time="0.000" /><testcase classname="tests.unit.test_duplicate_detection" name="test_items_are_duplicates_exact_question_match" time="0.000" /><testcase classname="tests.unit.test_duplicate_detection" name="test_items_are_duplicates_question_and_answer_match" time="0.000" /><testcase classname="tests.unit.test_duplicate_detection" name="test_items_are_duplicates_whitespace_normalized" time="0.000" /><testcase classname="tests.unit.test_duplicate_detection" name="test_items_are_not_duplicates_different_questions" time="0.000" /><testcase classname="tests.unit.test_duplicate_detection" name="test_items_are_not_duplicates_missing_question" time="0.000" /><testcase classname="tests.unit.test_duplicate_detection" name="test_detect_duplicates_for_item_finds_match" time="0.000" /><testcase classname="tests.unit.test_duplicate_detection" name="test_detect_duplicates_for_item_respects_max_results" time="0.000" /><testcase classname="tests.unit.test_duplicate_detection" name="test_detect_duplicates_for_item_ignores_non_approved" time="0.000" /><testcase classname="tests.unit.test_duplicate_detection" name="test_detect_duplicates_for_item_ignores_self" time="0.000" /><testcase classname="tests.unit.test_duplicate_detection" name="test_detect_duplicates_for_bulk_items" time="0.000" /><testcase classname="tests.unit.test_duplicate_detection" name="test_detect_duplicates_for_bulk_items_only_checks_drafts" time="0.000" /><testcase classname="tests.unit.test_duplicate_detection" name="test_duplicate_warning_model" time="0.000" /><testcase classname="tests.unit.test_duplicate_detection" name="test_detect_duplicates_uses_edited_question" time="0.000" /><testcase classname="tests.unit.test_duplicate_detection" name="test_detect_duplicates_for_generic_history_match" time="0.000" /><testcase classname="tests.unit.test_duplicate_detection" name="test_detect_duplicates_for_generic_structured_fields_match" time="0.000" /><testcase classname="tests.unit.test_export_formatters" name="test_json_items_formatter_round_trips" time="0.000" /><testcase classname="tests.unit.test_export_formatters" name="test_json_snapshot_payload_formatter_builds_envelope" time="0.000" /><testcase classname="tests.unit.test_export_pipeline" name="test_deliver_artifacts_writes_manifest_and_items" time="0.006" /><testcase classname="tests.unit.test_export_pipeline" name="test_deliver_attachment_sets_content_disposition" time="0.001" /><testcase classname="tests.unit.test_export_processors" name="test_merge_tags_unions_and_sorts" time="0.000" /><testcase classname="tests.unit.test_export_registry" name="test_processor_registry_rejects_duplicates" time="0.000" /><testcase classname="tests.unit.test_export_registry" name="test_processor_registry_rejects_unknown" time="0.000" /><testcase classname="tests.unit.test_export_registry" name="test_formatter_registry_rejects_duplicates" time="0.000" /><testcase classname="tests.unit.test_export_registry" name="test_formatter_registry_rejects_unknown" time="0.000" /><testcase classname="tests.unit.test_export_registry" name="test_parse_processor_order_is_whitespace_tolerant" time="0.000" /><testcase classname="tests.unit.test_export_registry" name="test_resolve_chain_prefers_request_override" time="0.000" /><testcase classname="tests.unit.test_export_registry" name="test_resolve_chain_uses_default_order_when_missing" time="0.000" /><testcase classname="tests.unit.test_export_registry" name="test_apply_transforms_runs_in_order" time="0.000" /><testcase classname="tests.unit.test_frontend_serving" name="test_frontend_disabled_no_static_mount" time="0.010" /><testcase classname="tests.unit.test_frontend_serving" name="test_frontend_enabled_serves_index_html" time="0.067" /><testcase classname="tests.unit.test_frontend_serving" name="test_spa_fallback_for_deep_route" time="0.024" /><testcase classname="tests.unit.test_frontend_serving" name="test_api_routes_not_intercepted_by_frontend" time="0.097" /><testcase classname="tests.unit.test_groundtruthitem_tags_validation" name="test_model_accepts_valid_tag_set" time="0.000" /><testcase classname="tests.unit.test_groundtruthitem_tags_validation" name="test_model_allows_unknown_group" time="0.000" /><testcase classname="tests.unit.test_groundtruthitem_tags_validation" name="test_model_enforces_exclusive_groups" time="0.000" /><testcase classname="tests.unit.test_groundtruthitem_tags_validation" name="test_model_allows_multiple_topics" time="0.000" /><testcase classname="tests.unit.test_history_with_refs" name="test_history_item_with_refs" time="0.000" /><testcase classname="tests.unit.test_history_with_refs" name="test_history_item_without_refs" time="0.000" /><testcase classname="tests.unit.test_history_with_refs" name="test_history_item_serialization" time="0.000" /><testcase classname="tests.unit.test_history_with_refs" name="test_history_item_deserialization" time="0.000" /><testcase classname="tests.unit.test_history_with_refs" name="test_user_history_item_typically_no_refs" time="0.000" /><testcase classname="tests.unit.test_history_with_refs" name="test_history_item_with_expected_behavior" time="0.000" /><testcase classname="tests.unit.test_history_with_refs" name="test_history_item_expected_behavior_serialization" time="0.000" /><testcase classname="tests.unit.test_history_with_refs" name="test_history_item_expected_behavior_deserialization" time="0.000" /><testcase classname="tests.unit.test_keyword_search.TestKeywordMatching" name="test_matches_synth_question" time="0.000" /><testcase classname="tests.unit.test_keyword_search.TestKeywordMatching" name="test_matches_edited_question" time="0.000" /><testcase classname="tests.unit.test_keyword_search.TestKeywordMatching" name="test_matches_answer" time="0.000" /><testcase classname="tests.unit.test_keyword_search.TestKeywordMatching" name="test_matches_history_messages" time="0.000" /><testcase classname="tests.unit.test_keyword_search.TestKeywordMatching" name="test_empty_keyword_matches_all" time="0.000" /><testcase classname="tests.unit.test_keyword_search.TestKeywordMatching" name="test_no_match_returns_false" time="0.000" /><testcase classname="tests.unit.test_keyword_search.TestKeywordMatching" name="test_partial_match" time="0.000" /><testcase classname="tests.unit.test_keyword_search.TestKeywordMatching" name="test_handles_none_fields" time="0.000" /><testcase classname="tests.unit.test_logging_user_identity" name="test_logs_include_user_identity" time="0.002" /><testcase classname="tests.unit.test_logging_user_identity" name="test_logs_include_anonymous_when_no_header" time="0.002" /><testcase classname="tests.unit.test_manual_tags_provider" name="test_provider_normalizes_groups_and_tags" time="0.002" /><testcase classname="tests.unit.test_manual_tags_provider" name="test_provider_ignores_invalid_entries" time="0.002" /><testcase classname="tests.unit.test_manual_tags_provider" name="test_expand_manual_tags_dedupes_and_sorts" time="0.000" /><testcase classname="tests.unit.test_openapi" name="test_openapi_under_versioned_prefix" time="0.060" /><testcase classname="tests.unit.test_openapi" name="test_docs_routes_exist" time="0.001" /><testcase classname="tests.unit.test_openapi" name="test_list_component_schemas" time="0.001" /><testcase classname="tests.unit.test_openapi" name="test_get_specific_schema" time="0.007" /><testcase classname="tests.unit.test_openapi" name="test_ground_truth_openapi_uses_agentic_schema" time="0.002" /><testcase classname="tests.unit.test_openapi" name="test_update_requests_do_not_advertise_nullable_expected_tools" time="0.002" /><testcase classname="tests.unit.test_openapi" name="test_update_requests_share_stable_history_patch_schema" time="0.001" /><testcase classname="tests.unit.test_phase1_rework.TestBulkImportApprovalValidation" name="test_bulk_import_approve_rejects_items_without_history" time="0.002" /><testcase classname="tests.unit.test_phase1_rework.TestBulkImportApprovalValidation" name="test_bulk_import_approve_accepts_valid_items" time="0.002" /><testcase classname="tests.unit.test_phase1_rework.TestBulkImportApprovalValidation" name="test_bulk_import_approve_enforces_plugin_pack_approval_hooks" time="0.002" /><testcase classname="tests.unit.test_phase1_rework.TestAssignmentHistoryReset" name="test_assignment_update_history_resets_total_references" time="0.002" /><testcase classname="tests.unit.test_phase1_rework.TestAssignmentHistoryReset" name="test_assignment_clear_history_resets_total_references" time="0.001" /><testcase classname="tests.unit.test_phase1_rework.TestInvalidStatusRejection" name="test_ground_truths_route_rejects_invalid_status" time="0.001" /><testcase classname="tests.unit.test_phase1_rework.TestInvalidStatusRejection" name="test_assignments_route_rejects_invalid_status" time="0.001" /><testcase classname="tests.unit.test_phase1_rework.TestNullStatusRejection" name="test_ground_truth_route_rejects_null_status" time="0.001" /><testcase classname="tests.unit.test_phase1_rework.TestNullExpectedToolsRejection" name="test_ground_truth_route_rejects_null_expected_tools" time="0.001" /><testcase classname="tests.unit.test_phase1_rework.TestNullExpectedToolsRejection" name="test_assignments_route_rejects_null_expected_tools" time="0.001" /><testcase classname="tests.unit.test_phase1_rework.TestNullExpectedToolsRejection" name="test_assignments_route_rejects_null_status" time="0.001" /><testcase classname="tests.unit.test_phase1_rework.TestNullExpectedToolsRejection" name="test_ground_truth_update_request_schema_non_nullable_status" time="0.003" /><testcase classname="tests.unit.test_phase1_rework.TestNullExpectedToolsRejection" name="test_assignment_update_request_schema_non_nullable_status" time="0.002" /><testcase classname="tests.unit.test_phase1_rework.TestBulkImportFailedCount" name="test_failed_count_is_unique_item_count_not_error_count" time="0.002" /><testcase classname="tests.unit.test_phase1_rework.TestBulkImportFailedCount" name="test_approval_errors_carry_original_request_index" time="0.001" /><testcase classname="tests.unit.test_phase1_rework.TestBulkImportFailedCount" name="test_persistence_errors_recover_original_request_index_and_unique_failed_count" time="0.001" /><testcase classname="tests.unit.test_phase1_rework.TestBulkImportFailedCount" name="test_persistence_errors_without_item_id_keep_safe_fallback" time="0.001" /><testcase classname="tests.unit.test_phase1_rework.TestDuplicateIdBulkImport" name="test_duplicate_id_approval_error_uses_correct_request_index" time="0.002" /><testcase classname="tests.unit.test_phase1_rework.TestDuplicateIdBulkImport" name="test_duplicate_id_both_fail_approval_counts_two_failed" time="0.001" /><testcase classname="tests.unit.test_phase1_rework.TestDuplicateIdBulkImport" name="test_duplicate_id_persistence_collision_uses_later_request_index" time="0.001" /><testcase classname="tests.unit.test_pii_detection.TestEmailDetection" name="test_detects_valid_emails[user@example.com]" time="0.000" /><testcase classname="tests.unit.test_pii_detection.TestEmailDetection" name="test_detects_valid_emails[test.user@domain.org]" time="0.000" /><testcase classname="tests.unit.test_pii_detection.TestEmailDetection" name="test_detects_valid_emails[name+tag@company.co.uk]" time="0.000" /><testcase classname="tests.unit.test_pii_detection.TestEmailDetection" name="test_detects_valid_emails[UPPERCASE@DOMAIN.COM]" time="0.000" /><testcase classname="tests.unit.test_pii_detection.TestEmailDetection" name="test_detects_valid_emails[user123@test-domain.net]" time="0.000" /><testcase classname="tests.unit.test_pii_detection.TestEmailDetection" name="test_detects_valid_emails[a@b.co]" time="0.000" /><testcase classname="tests.unit.test_pii_detection.TestEmailDetection" name="test_ignores_invalid_patterns[No email here]" time="0.000" /><testcase classname="tests.unit.test_pii_detection.TestEmailDetection" name="test_ignores_invalid_patterns[user@]" time="0.000" /><testcase classname="tests.unit.test_pii_detection.TestEmailDetection" name="test_ignores_invalid_patterns[@domain.com]" time="0.000" /><testcase classname="tests.unit.test_pii_detection.TestEmailDetection" name="test_ignores_invalid_patterns[user@domain]" time="0.000" /><testcase classname="tests.unit.test_pii_detection.TestEmailDetection" name="test_ignores_invalid_patterns[not an email]" time="0.000" /><testcase classname="tests.unit.test_pii_detection.TestEmailDetection" name="test_detects_multiple_emails_in_text" time="0.000" /><testcase classname="tests.unit.test_pii_detection.TestPhoneDetection" name="test_detects_valid_phone_formats[(555) 123-4567]" time="0.001" /><testcase classname="tests.unit.test_pii_detection.TestPhoneDetection" name="test_detects_valid_phone_formats[555-123-4567]" time="0.000" /><testcase classname="tests.unit.test_pii_detection.TestPhoneDetection" name="test_detects_valid_phone_formats[555.123.4567]" time="0.000" /><testcase classname="tests.unit.test_pii_detection.TestPhoneDetection" name="test_detects_valid_phone_formats[555 123 4567]" time="0.000" /><testcase classname="tests.unit.test_pii_detection.TestPhoneDetection" name="test_detects_valid_phone_formats[+1 555 123 4567]" time="0.000" /><testcase classname="tests.unit.test_pii_detection.TestPhoneDetection" name="test_detects_valid_phone_formats[+1-555-123-4567]" time="0.000" /><testcase classname="tests.unit.test_pii_detection.TestPhoneDetection" name="test_detects_valid_phone_formats[1-555-123-4567]" time="0.000" /><testcase classname="tests.unit.test_pii_detection.TestPhoneDetection" name="test_detects_valid_phone_formats[5551234567]" time="0.000" /><testcase classname="tests.unit.test_pii_detection.TestPhoneDetection" name="test_ignores_invalid_patterns[No phone here]" time="0.000" /><testcase classname="tests.unit.test_pii_detection.TestPhoneDetection" name="test_ignores_invalid_patterns[123-456]" time="0.000" /><testcase classname="tests.unit.test_pii_detection.TestPhoneDetection" name="test_ignores_invalid_patterns[12-345-6789]" time="0.000" /><testcase classname="tests.unit.test_pii_detection.TestPhoneDetection" name="test_ignores_invalid_patterns[Call 911 for emergency]" time="0.000" /><testcase classname="tests.unit.test_pii_detection.TestPhoneDetection" name="test_detects_multiple_phones_in_text" time="0.000" /><testcase classname="tests.unit.test_pii_detection.TestMasking" name="test_masks_email_preserving_structure" time="0.000" /><testcase classname="tests.unit.test_pii_detection.TestMasking" name="test_masks_phone_preserving_structure" time="0.000" /><testcase classname="tests.unit.test_pii_detection.TestSnippetGeneration" name="test_creates_snippet_with_context" time="0.000" /><testcase classname="tests.unit.test_pii_detection.TestSnippetGeneration" name="test_handles_match_at_start" time="0.000" /><testcase classname="tests.unit.test_pii_detection.TestSnippetGeneration" name="test_handles_match_at_end" time="0.000" /><testcase classname="tests.unit.test_pii_detection.TestGroundTruthItemScanning" name="test_scans_synth_question" time="0.000" /><testcase classname="tests.unit.test_pii_detection.TestGroundTruthItemScanning" name="test_scans_edited_question" time="0.000" /><testcase classname="tests.unit.test_pii_detection.TestGroundTruthItemScanning" name="test_scans_answer" time="0.000" /><testcase classname="tests.unit.test_pii_detection.TestGroundTruthItemScanning" name="test_scans_comment" time="0.000" /><testcase classname="tests.unit.test_pii_detection.TestGroundTruthItemScanning" name="test_scans_history_messages" time="0.000" /><testcase classname="tests.unit.test_pii_detection.TestGroundTruthItemScanning" name="test_returns_empty_for_clean_item" time="0.000" /><testcase classname="tests.unit.test_pii_detection.TestGroundTruthItemScanning" name="test_scans_generic_context_entries_and_trace_payload" time="0.000" /><testcase classname="tests.unit.test_pii_detection.TestGroundTruthItemScanning" name="test_scans_generic_tool_calls_and_plugins" time="0.000" /><testcase classname="tests.unit.test_pii_detection.TestBulkScanning" name="test_scans_multiple_items" time="0.000" /><testcase classname="tests.unit.test_pii_detection.TestBulkScanning" name="test_handles_empty_list" time="0.000" /><testcase classname="tests.unit.test_pii_detection.TestEdgeCases" name="test_handles_empty_text" time="0.000" /><testcase classname="tests.unit.test_pii_detection.TestEdgeCases" name="test_handles_item_without_id" time="0.000" /><testcase classname="tests.unit.test_pii_detection.TestEdgeCases" name="test_mixed_pii_types_in_single_field" time="0.000" /><testcase classname="tests.unit.test_pii_detection.TestEdgeCases" name="test_warning_model_serialization" time="0.000" /><testcase classname="tests.unit.test_plugin_pack_extension" name="test_default_stats_contribution_is_empty" time="0.000" /><testcase classname="tests.unit.test_plugin_pack_extension" name="test_default_explorer_fields_is_empty" time="0.000" /><testcase classname="tests.unit.test_plugin_pack_extension" name="test_default_import_transforms_is_empty" time="0.000" /><testcase classname="tests.unit.test_plugin_pack_extension" name="test_default_export_transforms_is_empty" time="0.000" /><testcase classname="tests.unit.test_plugin_pack_extension" name="test_collect_stats_returns_base_when_no_packs" time="0.000" /><testcase classname="tests.unit.test_plugin_pack_extension" name="test_collect_stats_merges_pack_contributions" time="0.000" /><testcase classname="tests.unit.test_plugin_pack_extension" name="test_collect_stats_pack_key_overwrites_base_on_collision" time="0.000" /><testcase classname="tests.unit.test_plugin_pack_extension" name="test_collect_explorer_fields_empty_registry" time="0.000" /><testcase classname="tests.unit.test_plugin_pack_extension" name="test_collect_explorer_fields_populates_pack_name" time="0.000" /><testcase classname="tests.unit.test_plugin_pack_extension" name="test_collect_explorer_fields_from_multiple_packs" time="0.000" /><testcase classname="tests.unit.test_plugin_pack_extension" name="test_collect_import_transforms_populates_pack_name" time="0.000" /><testcase classname="tests.unit.test_plugin_pack_extension" name="test_collect_export_transforms_populates_pack_name" time="0.000" /><testcase classname="tests.unit.test_plugin_pack_extension" name="test_collect_transforms_empty_when_no_contributing_packs" time="0.000" /><testcase classname="tests.unit.test_plugin_pack_registry" name="test_register_single_pack_succeeds" time="0.000" /><testcase classname="tests.unit.test_plugin_pack_registry" name="test_register_multiple_packs_succeeds" time="0.000" /><testcase classname="tests.unit.test_plugin_pack_registry" name="test_register_duplicate_name_raises" time="0.000" /><testcase classname="tests.unit.test_plugin_pack_registry" name="test_register_empty_name_raises" time="0.000" /><testcase classname="tests.unit.test_plugin_pack_registry" name="test_register_whitespace_name_raises" time="0.000" /><testcase classname="tests.unit.test_plugin_pack_registry" name="test_validate_all_passes_for_valid_packs" time="0.000" /><testcase classname="tests.unit.test_plugin_pack_registry" name="test_validate_all_fails_with_pack_name_in_message" time="0.000" /><testcase classname="tests.unit.test_plugin_pack_registry" name="test_validate_all_includes_original_error_message" time="0.000" /><testcase classname="tests.unit.test_plugin_pack_registry" name="test_validate_all_empty_registry_passes" time="0.000" /><testcase classname="tests.unit.test_plugin_pack_registry" name="test_collect_approval_errors_empty_registry" time="0.000" /><testcase classname="tests.unit.test_plugin_pack_registry" name="test_collect_approval_errors_no_op_pack_returns_empty" time="0.000" /><testcase classname="tests.unit.test_plugin_pack_registry" name="test_collect_approval_errors_error_pack_returns_errors" time="0.000" /><testcase classname="tests.unit.test_plugin_pack_registry" name="test_collect_approval_errors_aggregates_across_packs" time="0.000" /><testcase classname="tests.unit.test_plugin_pack_registry" name="test_collect_approval_errors_conditional_pack_silent_for_allowed_dataset" time="0.000" /><testcase classname="tests.unit.test_plugin_pack_registry" name="test_get_registered_pack_by_name" time="0.000" /><testcase classname="tests.unit.test_plugin_pack_registry" name="test_get_unregistered_pack_returns_none" time="0.000" /><testcase classname="tests.unit.test_plugin_pack_registry" name="test_names_returns_sorted_list" time="0.000" /><testcase classname="tests.unit.test_query_metrics" name="test_execute_query_with_metrics_respects_slow_query_threshold" time="0.001" /><testcase classname="tests.unit.test_query_metrics" name="test_execute_query_with_metrics_handles_missing_headers" time="0.001" /><testcase classname="tests.unit.test_query_metrics" name="test_execute_query_with_metrics_disabled_by_default" time="0.001" /><testcase classname="tests.unit.test_rag_compat_approval" name="test_core_requires_assistant_message_even_with_refs" time="0.000" /><testcase classname="tests.unit.test_rag_compat_approval" name="test_core_no_error_when_assistant_present" time="0.000" /><testcase classname="tests.unit.test_rag_compat_approval" name="test_rag_pack_waives_assistant_error_when_refs_present" time="0.000" /><testcase classname="tests.unit.test_rag_compat_approval" name="test_rag_pack_no_waiver_when_refs_zero" time="0.000" /><testcase classname="tests.unit.test_rag_compat_approval" name="test_rag_pack_does_not_waive_user_message_error" time="0.000" /><testcase classname="tests.unit.test_rag_compat_approval" name="test_rag_pack_waives_required_tools_error_when_refs_present" time="0.000" /><testcase classname="tests.unit.test_rag_compat_approval" name="test_rag_pack_no_required_tools_waiver_when_refs_zero" time="0.000" /><testcase classname="tests.unit.test_rag_compat_approval" name="test_registry_filters_waived_errors" time="0.000" /><testcase classname="tests.unit.test_rag_compat_approval" name="test_registry_preserves_non_waived_errors" time="0.000" /><testcase classname="tests.unit.test_rag_compat_pack" name="test_validate_registration_passes" time="0.000" /><testcase classname="tests.unit.test_rag_compat_pack" name="test_validate_registration_name_matches_host_model_constant" time="0.000" /><testcase classname="tests.unit.test_rag_compat_pack" name="test_validate_registration_kind_constant_correct" time="0.000" /><testcase classname="tests.unit.test_rag_compat_pack" name="test_validate_registration_fails_on_constant_mismatch" time="0.000" /><testcase classname="tests.unit.test_rag_compat_pack" name="test_collect_approval_errors_are_empty" time="0.000" /><testcase classname="tests.unit.test_rag_compat_pack" name="test_rag_compat_data_empty_for_generic_item" time="0.000" /><testcase classname="tests.unit.test_rag_compat_pack" name="test_rag_compat_data_contains_only_references_for_owned_payload" time="0.000" /><testcase classname="tests.unit.test_rag_compat_pack" name="test_refs_from_item_empty_for_generic_item" time="0.000" /><testcase classname="tests.unit.test_rag_compat_pack" name="test_refs_from_item_reads_owned_references" time="0.000" /><testcase classname="tests.unit.test_rag_compat_pack" name="test_get_search_documents_includes_stable_id" time="0.000" /><testcase classname="tests.unit.test_rag_compat_pack" name="test_refs_from_item_reads_legacy_retrieval_payloads" time="0.000" /><testcase classname="tests.unit.test_rag_compat_pack" name="test_attach_reference_adds_to_rag_item" time="0.000" /><testcase classname="tests.unit.test_rag_compat_pack" name="test_attach_reference_writes_owned_references_key" time="0.000" /><testcase classname="tests.unit.test_rag_compat_pack" name="test_detach_reference_removes_by_url" time="0.000" /><testcase classname="tests.unit.test_rag_compat_pack" name="test_replace_references_clears_legacy_fields" time="0.000" /><testcase classname="tests.unit.test_rag_compat_pack" name="test_import_transform_normalizes_legacy_fields_to_history_and_references" time="0.000" /><testcase classname="tests.unit.test_rag_compat_pack" name="test_export_transform_projects_references_and_count" time="0.000" /><testcase classname="tests.unit.test_rag_compat_pack" name="test_default_pack_registry_contains_rag_compat" time="0.000" /><testcase classname="tests.unit.test_rag_compat_pack" name="test_default_pack_registry_validates_without_error" time="0.000" /><testcase classname="tests.unit.test_rag_compat_pack" name="test_default_pack_registry_singleton_stable" time="0.000" /><testcase classname="tests.unit.test_retrieval_per_call.TestLegacyRetrievalCompatibility" name="test_refs_from_item_flattens_legacy_retrieval_candidates" time="0.000" /><testcase classname="tests.unit.test_retrieval_per_call.TestLegacyRetrievalCompatibility" name="test_replace_references_rewrites_payload_to_owned_references" time="0.000" /><testcase classname="tests.unit.test_sampling_allocation" name="test_parse_sampling_allocation_env_csv_simple" time="0.000" /><testcase classname="tests.unit.test_sampling_allocation" name="test_normalize_allocation_normalizes_and_filters_nonpositive" time="0.000" /><testcase classname="tests.unit.test_sampling_allocation" name="test_compute_quotas_sums_to_k_with_largest_remainder" time="0.000" /><testcase classname="tests.unit.test_sampling_allocation" name="test_compute_quotas_handles_empty_or_zero_weights" time="0.000" /><testcase classname="tests.unit.test_search_raw_payload" name="test_raw_payload_included_in_results" time="0.000" /><testcase classname="tests.unit.test_search_raw_payload" name="test_raw_payload_contains_full_provider_response" time="0.000" /><testcase classname="tests.unit.test_search_raw_payload" name="test_raw_payload_is_independent_copy" time="0.000" /><testcase classname="tests.unit.test_search_raw_payload" name="test_empty_results_no_payload" time="0.000" /><testcase classname="tests.unit.test_search_raw_payload" name="test_no_adapter_returns_empty" time="0.000" /><testcase classname="tests.unit.test_search_raw_payload" name="test_configurable_field_names_with_raw_payload" time="0.000" /><testcase classname="tests.unit.test_snapshot_service" name="test_collect_approved_calls_repo_with_status" time="0.000" /><testcase classname="tests.unit.test_snapshot_service" name="test_build_snapshot_payload_includes_only_approved" time="0.000" /><testcase classname="tests.unit.test_snapshot_service" name="test_build_snapshot_payload_counts_and_timestamp_present" time="0.000" /><testcase classname="tests.unit.test_snapshot_service" name="test_build_snapshot_payload_has_dataset_names_sorted_unique" time="0.000" /><testcase classname="tests.unit.test_snapshot_service" name="test_build_snapshot_payload_empty_list" time="0.000" /><testcase classname="tests.unit.test_snapshot_service" name="test_build_snapshot_payload_applies_plugin_export_transforms" time="0.000" /><testcase classname="tests.unit.test_tag_definitions_repo" name="test_get_definition_found" time="0.003" /><testcase classname="tests.unit.test_tag_definitions_repo" name="test_get_definition_not_found" time="0.003" /><testcase classname="tests.unit.test_tag_definitions_repo" name="test_list_all" time="0.003" /><testcase classname="tests.unit.test_tag_definitions_repo" name="test_upsert_new_definition" time="0.003" /><testcase classname="tests.unit.test_tag_definitions_repo" name="test_upsert_updates_timestamp" time="0.002" /><testcase classname="tests.unit.test_tag_definitions_repo" name="test_delete" time="0.003" /><testcase classname="tests.unit.test_tag_definitions_repo" name="test_list_all_skips_malformed_items" time="0.002" /><testcase classname="tests.unit.test_tag_registry_service" name="test_list_initially_empty" time="0.000" /><testcase classname="tests.unit.test_tag_registry_service" name="test_add_single_tag_canonicalized_and_sorted" time="0.000" /><testcase classname="tests.unit.test_tag_registry_service" name="test_add_duplicates_are_deduped" time="0.000" /><testcase classname="tests.unit.test_tag_registry_service" name="test_add_multiple_tags_merge_existing" time="0.000" /><testcase classname="tests.unit.test_tag_registry_service" name="test_remove_existing_tag" time="0.000" /><testcase classname="tests.unit.test_tag_registry_service" name="test_remove_nonexistent_tag_noop" time="0.000" /><testcase classname="tests.unit.test_tag_registry_service" name="test_invalid_format_rejected_by_service" time="0.000" /><testcase classname="tests.unit.test_tagging_service" name="test_normalize_tag_trims_and_lowercases" time="0.000" /><testcase classname="tests.unit.test_tagging_service" name="test_parse_tag_rejects_malformed" time="0.000" /><testcase classname="tests.unit.test_tagging_service" name="test_validate_tags_allows_unknown_group" time="0.000" /><testcase classname="tests.unit.test_tagging_service" name="test_validate_tags_allows_unknown_value_in_known_group" time="0.000" /><testcase classname="tests.unit.test_tagging_service" name="test_mutual_exclusivity_allows_single_source_only" time="0.000" /><testcase classname="tests.unit.test_tagging_service" name="test_multi_select_topic_allows_multiple" time="0.000" /><testcase classname="tests.unit.test_tagging_service" name="test_dedup_and_sort_is_deterministic" time="0.000" /><testcase classname="tests.unit.test_tagging_service" name="test_schema_registry_exposes_expected_groups" time="0.000" /><testcase classname="tests.unit.test_tagging_service" name="test_rules_are_applied_in_validation" time="0.000" /><testcase classname="tests.unit.test_tags_glossary" name="test_glossary_endpoint_returns_manual_tags_with_descriptions" time="0.002" /><testcase classname="tests.unit.test_tags_glossary" name="test_glossary_endpoint_includes_computed_tags" time="0.002" /><testcase classname="tests.unit.test_tags_glossary" name="test_glossary_schema_structure" time="0.002" /><testcase classname="tests.unit.test_tags_glossary" name="test_glossary_includes_custom_definitions" time="0.002" /><testcase classname="tests.unit.test_trace_export_adapter" name="test_trace_export_adapter_maps_trace_into_agentic_ground_truth" time="0.000" /><testcase classname="tests.unit.test_unicode_fix" name="test_smart_quotes" time="0.000" /><testcase classname="tests.unit.test_unicode_fix" name="test_dashes" time="0.000" /><testcase classname="tests.unit.test_unicode_fix" name="test_ellipsis" time="0.000" /><testcase classname="tests.unit.test_unicode_fix" name="test_nested_structure" time="0.000" /><testcase classname="tests.unit.test_unicode_fix" name="test_preserves_other_unicode" time="0.000" /><testcase classname="tests.unit.test_unicode_fix" name="test_disabled_flag" time="0.000" /><testcase classname="tests.unit.test_unicode_fix" name="test_returns_non_string_types_unchanged" time="0.001" /><testcase classname="tests.unit.test_unicode_fix" name="test_empty_structures" time="0.000" /><testcase classname="tests.unit.test_validation_required_tools" name="test_required_tool_error_when_tool_calls_exist_but_no_required" time="0.000" /><testcase classname="tests.unit.test_validation_required_tools" name="test_no_required_tool_error_when_required_tools_defined" time="0.000" /><testcase classname="tests.unit.test_validation_required_tools" name="test_no_required_tool_error_when_no_tool_calls" time="0.000" /><testcase classname="tests.unit.test_validation_required_tools" name="test_missing_required_tools_detected" time="0.000" /><testcase classname="tests.unit.test_validation_required_tools" name="test_multiple_missing_required_tools_sorted" time="0.000" /><testcase classname="tests.unit.test_validation_required_tools" name="test_rag_pack_waives_required_tools_for_retrieval_items" time="0.000" /><testcase classname="tests.unit.test_validation_required_tools" name="test_rag_pack_does_not_waive_required_tools_without_refs" time="0.000" /><testcase classname="tests.unit.test_validation_required_tools" name="test_required_tools_pass_when_properly_classified" time="0.000" /><testcase classname="tests.unit.test_validation_service" name="test_approval_validation_accepts_legacy_question_answer_payload" time="0.000" /><testcase classname="tests.unit.test_validation_service" name="test_approval_validation_requires_required_tool_when_tool_calls_exist" time="0.000" /><testcase classname="tests.unit.test_validation_service" name="test_approval_validation_requires_required_tool_to_match_tool_calls" time="0.002" /></testsuite></testsuites>